-------------------------------------------------------------------------------
Test set: mflix.api.daos.UserPreferencesTest
-------------------------------------------------------------------------------
Tests run: 3, Failures: 2, Errors: 1, Skipped: 0, Time elapsed: 2.703 s <<< FAILURE! - in mflix.api.daos.UserPreferencesTest
testNullPreferences(mflix.api.daos.UserPreferencesTest)  Time elapsed: 0.71 s  <<< ERROR!
com.mongodb.MongoWriteException: E11000 duplicate key error collection: sample_mflix.users index: email_1 dup key: { email: "user@preferences.email" }
	at mflix.api.daos.UserPreferencesTest.setup(UserPreferencesTest.java:42)

testUpdateSinglePreferences(mflix.api.daos.UserPreferencesTest)  Time elapsed: 0.712 s  <<< FAILURE!
java.lang.AssertionError: The response of the updateUserPreferences should result in true. Check your implementation of this method
	at mflix.api.daos.UserPreferencesTest.testUpdateSinglePreferences(UserPreferencesTest.java:59)

testMultiplePreferences(mflix.api.daos.UserPreferencesTest)  Time elapsed: 1.225 s  <<< FAILURE!
java.lang.AssertionError: The response of the updateUserPreferences should result in true. Check your implementation of this method
	at mflix.api.daos.UserPreferencesTest.testMultiplePreferences(UserPreferencesTest.java:85)

