<?xml version="1.0" encoding="UTF-8"?>
<testsuite xmlns:xsi="http://www.w3.org/2001/XMLSchema-instance" xsi:noNamespaceSchemaLocation="https://maven.apache.org/surefire/maven-surefire-plugin/xsd/surefire-test-report.xsd" name="mflix.api.daos.MigrationTest" time="15.445" tests="2" errors="0" skipped="0" failures="2">
  <properties>
[...]
</properties>
  <testcase name="testAllDocumentsIMDBRatingNumber" classname="mflix.api.daos.MigrationTest" time="7.193">
    <failure message="Should not find documents where `imdb.rating` is of not of `number` type expected:&lt;0&gt; but was:&lt;61&gt;" type="java.lang.AssertionError"><![CDATA[java.lang.AssertionError: Should not find documents where `imdb.rating` is of not of `number` type expected:<0> but was:<61>
	at mflix.api.daos.MigrationTest.testAllDocumentsIMDBRatingNumber(MigrationTest.java:42)
]]></failure>
    <system-out><![CDATA[2020-02-13 14:30:04.303  INFO 3246 --- [           main] org.mongodb.driver.cluster               : Cluster created with settings {hosts=[cl1-shard-00-02-gtxku.mongodb.net:27017, cl1-shard-00-01-gtxku.mongodb.net:27017, cl1-shard-00-00-gtxku.mongodb.net:27017], mode=MULTIPLE, requiredClusterType=REPLICA_SET, serverSelectionTimeout='30000 ms', maxWaitQueueSize=500, requiredReplicaSetName='CL1-shard-0'}
2020-02-13 14:30:04.303  INFO 3246 --- [           main] org.mongodb.driver.cluster               : Adding discovered server cl1-shard-00-02-gtxku.mongodb.net:27017 to client view of cluster
2020-02-13 14:30:04.305  INFO 3246 --- [           main] org.mongodb.driver.cluster               : Adding discovered server cl1-shard-00-01-gtxku.mongodb.net:27017 to client view of cluster
2020-02-13 14:30:04.307  INFO 3246 --- [           main] org.mongodb.driver.cluster               : Adding discovered server cl1-shard-00-00-gtxku.mongodb.net:27017 to client view of cluster
2020-02-13 14:30:04.311  INFO 3246 --- [           main] org.mongodb.driver.cluster               : No server chosen by com.mongodb.client.internal.MongoClientDelegate$1@1600a8a2 from cluster description ClusterDescription{type=REPLICA_SET, connectionMode=MULTIPLE, serverDescriptions=[ServerDescription{address=cl1-shard-00-00-gtxku.mongodb.net:27017, type=UNKNOWN, state=CONNECTING}, ServerDescription{address=cl1-shard-00-01-gtxku.mongodb.net:27017, type=UNKNOWN, state=CONNECTING}, ServerDescription{address=cl1-shard-00-02-gtxku.mongodb.net:27017, type=UNKNOWN, state=CONNECTING}]}. Waiting for 30000 ms before timing out
2020-02-13 14:30:06.081  INFO 3246 --- [ngodb.net:27017] org.mongodb.driver.connection            : Opened connection [connectionId{localValue:24, serverValue:72920}] to cl1-shard-00-02-gtxku.mongodb.net:27017
2020-02-13 14:30:06.081  INFO 3246 --- [ngodb.net:27017] org.mongodb.driver.connection            : Opened connection [connectionId{localValue:22, serverValue:71067}] to cl1-shard-00-01-gtxku.mongodb.net:27017
2020-02-13 14:30:06.081  INFO 3246 --- [ngodb.net:27017] org.mongodb.driver.connection            : Opened connection [connectionId{localValue:23, serverValue:73043}] to cl1-shard-00-00-gtxku.mongodb.net:27017
2020-02-13 14:30:06.126  INFO 3246 --- [ngodb.net:27017] org.mongodb.driver.cluster               : Monitor thread successfully connected to server with description ServerDescription{address=cl1-shard-00-01-gtxku.mongodb.net:27017, type=REPLICA_SET_SECONDARY, state=CONNECTED, ok=true, version=ServerVersion{versionList=[4, 2, 3]}, minWireVersion=0, maxWireVersion=8, maxDocumentSize=16777216, logicalSessionTimeoutMinutes=30, roundTripTimeNanos=315536419, setName='CL1-shard-0', canonicalAddress=cl1-shard-00-01-gtxku.mongodb.net:27017, hosts=[cl1-shard-00-01-gtxku.mongodb.net:27017, cl1-shard-00-02-gtxku.mongodb.net:27017, cl1-shard-00-00-gtxku.mongodb.net:27017], passives=[], arbiters=[], primary='cl1-shard-00-02-gtxku.mongodb.net:27017', tagSet=TagSet{[Tag{name='nodeType', value='ELECTABLE'}, Tag{name='provider', value='AWS'}, Tag{name='region', value='US_EAST_1'}]}, electionId=null, setVersion=1, lastWriteDate=Thu Feb 13 06:30:10 EST 2020, lastUpdateTimeNanos=2238721417130}
2020-02-13 14:30:06.184  INFO 3246 --- [ngodb.net:27017] org.mongodb.driver.cluster               : Monitor thread successfully connected to server with description ServerDescription{address=cl1-shard-00-02-gtxku.mongodb.net:27017, type=REPLICA_SET_PRIMARY, state=CONNECTED, ok=true, version=ServerVersion{versionList=[4, 2, 3]}, minWireVersion=0, maxWireVersion=8, maxDocumentSize=16777216, logicalSessionTimeoutMinutes=30, roundTripTimeNanos=320435819, setName='CL1-shard-0', canonicalAddress=cl1-shard-00-02-gtxku.mongodb.net:27017, hosts=[cl1-shard-00-01-gtxku.mongodb.net:27017, cl1-shard-00-02-gtxku.mongodb.net:27017, cl1-shard-00-00-gtxku.mongodb.net:27017], passives=[], arbiters=[], primary='cl1-shard-00-02-gtxku.mongodb.net:27017', tagSet=TagSet{[Tag{name='nodeType', value='ELECTABLE'}, Tag{name='provider', value='AWS'}, Tag{name='region', value='US_EAST_1'}]}, electionId=7fffffff0000000000000002, setVersion=1, lastWriteDate=Thu Feb 13 06:30:10 EST 2020, lastUpdateTimeNanos=2238778655398}
2020-02-13 14:30:06.352  INFO 3246 --- [ngodb.net:27017] org.mongodb.driver.cluster               : Monitor thread successfully connected to server with description ServerDescription{address=cl1-shard-00-00-gtxku.mongodb.net:27017, type=REPLICA_SET_SECONDARY, state=CONNECTED, ok=true, version=ServerVersion{versionList=[4, 2, 3]}, minWireVersion=0, maxWireVersion=8, maxDocumentSize=16777216, logicalSessionTimeoutMinutes=30, roundTripTimeNanos=270343286, setName='CL1-shard-0', canonicalAddress=cl1-shard-00-00-gtxku.mongodb.net:27017, hosts=[cl1-shard-00-01-gtxku.mongodb.net:27017, cl1-shard-00-02-gtxku.mongodb.net:27017, cl1-shard-00-00-gtxku.mongodb.net:27017], passives=[], arbiters=[], primary='cl1-shard-00-02-gtxku.mongodb.net:27017', tagSet=TagSet{[Tag{name='provider', value='AWS'}, Tag{name='nodeType', value='ELECTABLE'}, Tag{name='region', value='US_EAST_1'}]}, electionId=null, setVersion=1, lastWriteDate=Thu Feb 13 06:30:10 EST 2020, lastUpdateTimeNanos=2238947207650}
2020-02-13 14:30:06.354  INFO 3246 --- [           main] org.mongodb.driver.cluster               : No server chosen by ReadPreferenceServerSelector{readPreference=primary} from cluster description ClusterDescription{type=REPLICA_SET, connectionMode=MULTIPLE, serverDescriptions=[ServerDescription{address=cl1-shard-00-00-gtxku.mongodb.net:27017, type=REPLICA_SET_SECONDARY, state=CONNECTED, ok=true, version=ServerVersion{versionList=[4, 2, 3]}, minWireVersion=0, maxWireVersion=8, maxDocumentSize=16777216, logicalSessionTimeoutMinutes=30, roundTripTimeNanos=270343286, setName='CL1-shard-0', canonicalAddress=cl1-shard-00-00-gtxku.mongodb.net:27017, hosts=[cl1-shard-00-01-gtxku.mongodb.net:27017, cl1-shard-00-02-gtxku.mongodb.net:27017, cl1-shard-00-00-gtxku.mongodb.net:27017], passives=[], arbiters=[], primary='cl1-shard-00-02-gtxku.mongodb.net:27017', tagSet=TagSet{[Tag{name='provider', value='AWS'}, Tag{name='nodeType', value='ELECTABLE'}, Tag{name='region', value='US_EAST_1'}]}, electionId=null, setVersion=1, lastWriteDate=Thu Feb 13 06:30:10 EST 2020, lastUpdateTimeNanos=2238947207650}, ServerDescription{address=cl1-shard-00-01-gtxku.mongodb.net:27017, type=UNKNOWN, state=CONNECTING}, ServerDescription{address=cl1-shard-00-02-gtxku.mongodb.net:27017, type=UNKNOWN, state=CONNECTING}]}. Waiting for 30000 ms before timing out
2020-02-13 14:30:06.378  INFO 3246 --- [ngodb.net:27017] org.mongodb.driver.cluster               : Monitor thread successfully connected to server with description ServerDescription{address=cl1-shard-00-02-gtxku.mongodb.net:27017, type=REPLICA_SET_PRIMARY, state=CONNECTED, ok=true, version=ServerVersion{versionList=[4, 2, 3]}, minWireVersion=0, maxWireVersion=8, maxDocumentSize=16777216, logicalSessionTimeoutMinutes=30, roundTripTimeNanos=296972755, setName='CL1-shard-0', canonicalAddress=cl1-shard-00-02-gtxku.mongodb.net:27017, hosts=[cl1-shard-00-01-gtxku.mongodb.net:27017, cl1-shard-00-02-gtxku.mongodb.net:27017, cl1-shard-00-00-gtxku.mongodb.net:27017], passives=[], arbiters=[], primary='cl1-shard-00-02-gtxku.mongodb.net:27017', tagSet=TagSet{[Tag{name='nodeType', value='ELECTABLE'}, Tag{name='provider', value='AWS'}, Tag{name='region', value='US_EAST_1'}]}, electionId=7fffffff0000000000000002, setVersion=1, lastWriteDate=Thu Feb 13 06:30:10 EST 2020, lastUpdateTimeNanos=2238973707779}
2020-02-13 14:30:06.378  INFO 3246 --- [ngodb.net:27017] org.mongodb.driver.cluster               : Monitor thread successfully connected to server with description ServerDescription{address=cl1-shard-00-01-gtxku.mongodb.net:27017, type=REPLICA_SET_SECONDARY, state=CONNECTED, ok=true, version=ServerVersion{versionList=[4, 2, 3]}, minWireVersion=0, maxWireVersion=8, maxDocumentSize=16777216, logicalSessionTimeoutMinutes=30, roundTripTimeNanos=296909241, setName='CL1-shard-0', canonicalAddress=cl1-shard-00-01-gtxku.mongodb.net:27017, hosts=[cl1-shard-00-01-gtxku.mongodb.net:27017, cl1-shard-00-02-gtxku.mongodb.net:27017, cl1-shard-00-00-gtxku.mongodb.net:27017], passives=[], arbiters=[], primary='cl1-shard-00-02-gtxku.mongodb.net:27017', tagSet=TagSet{[Tag{name='nodeType', value='ELECTABLE'}, Tag{name='provider', value='AWS'}, Tag{name='region', value='US_EAST_1'}]}, electionId=null, setVersion=1, lastWriteDate=Thu Feb 13 06:30:10 EST 2020, lastUpdateTimeNanos=2238973707769}
2020-02-13 14:30:06.379  INFO 3246 --- [ngodb.net:27017] org.mongodb.driver.cluster               : Setting max election id to 7fffffff0000000000000002 from replica set primary cl1-shard-00-02-gtxku.mongodb.net:27017
2020-02-13 14:30:06.379  INFO 3246 --- [ngodb.net:27017] org.mongodb.driver.cluster               : Setting max set version to 1 from replica set primary cl1-shard-00-02-gtxku.mongodb.net:27017
2020-02-13 14:30:06.379  INFO 3246 --- [ngodb.net:27017] org.mongodb.driver.cluster               : Discovered replica set primary cl1-shard-00-02-gtxku.mongodb.net:27017
2020-02-13 14:30:06.640  INFO 3246 --- [ngodb.net:27017] org.mongodb.driver.cluster               : Monitor thread successfully connected to server with description ServerDescription{address=cl1-shard-00-02-gtxku.mongodb.net:27017, type=REPLICA_SET_PRIMARY, state=CONNECTED, ok=true, version=ServerVersion{versionList=[4, 2, 3]}, minWireVersion=0, maxWireVersion=8, maxDocumentSize=16777216, logicalSessionTimeoutMinutes=30, roundTripTimeNanos=308667290, setName='CL1-shard-0', canonicalAddress=cl1-shard-00-02-gtxku.mongodb.net:27017, hosts=[cl1-shard-00-01-gtxku.mongodb.net:27017, cl1-shard-00-02-gtxku.mongodb.net:27017, cl1-shard-00-00-gtxku.mongodb.net:27017], passives=[], arbiters=[], primary='cl1-shard-00-02-gtxku.mongodb.net:27017', tagSet=TagSet{[Tag{name='nodeType', value='ELECTABLE'}, Tag{name='provider', value='AWS'}, Tag{name='region', value='US_EAST_1'}]}, electionId=7fffffff0000000000000002, setVersion=1, lastWriteDate=Thu Feb 13 06:30:10 EST 2020, lastUpdateTimeNanos=2239235090796}
2020-02-13 14:30:07.334  INFO 3246 --- [ngodb.net:27017] org.mongodb.driver.cluster               : Monitor thread successfully connected to server with description ServerDescription{address=cl1-shard-00-00-gtxku.mongodb.net:27017, type=REPLICA_SET_SECONDARY, state=CONNECTED, ok=true, version=ServerVersion{versionList=[4, 2, 3]}, minWireVersion=0, maxWireVersion=8, maxDocumentSize=16777216, logicalSessionTimeoutMinutes=30, roundTripTimeNanos=294099266, setName='CL1-shard-0', canonicalAddress=cl1-shard-00-00-gtxku.mongodb.net:27017, hosts=[cl1-shard-00-01-gtxku.mongodb.net:27017, cl1-shard-00-02-gtxku.mongodb.net:27017, cl1-shard-00-00-gtxku.mongodb.net:27017], passives=[], arbiters=[], primary='cl1-shard-00-02-gtxku.mongodb.net:27017', tagSet=TagSet{[Tag{name='provider', value='AWS'}, Tag{name='nodeType', value='ELECTABLE'}, Tag{name='region', value='US_EAST_1'}]}, electionId=null, setVersion=1, lastWriteDate=Thu Feb 13 06:30:10 EST 2020, lastUpdateTimeNanos=2239928806484}
2020-02-13 14:30:09.042  INFO 3246 --- [           main] org.mongodb.driver.connection            : Opened connection [connectionId{localValue:25, serverValue:72920}] to cl1-shard-00-02-gtxku.mongodb.net:27017
2020-02-13 14:30:09.360  INFO 3246 --- [ngodb.net:27017] org.mongodb.driver.cluster               : Monitor thread successfully connected to server with description ServerDescription{address=cl1-shard-00-02-gtxku.mongodb.net:27017, type=REPLICA_SET_PRIMARY, state=CONNECTED, ok=true, version=ServerVersion{versionList=[4, 2, 3]}, minWireVersion=0, maxWireVersion=8, maxDocumentSize=16777216, logicalSessionTimeoutMinutes=30, roundTripTimeNanos=350297446, setName='CL1-shard-0', canonicalAddress=cl1-shard-00-02-gtxku.mongodb.net:27017, hosts=[cl1-shard-00-01-gtxku.mongodb.net:27017, cl1-shard-00-02-gtxku.mongodb.net:27017, cl1-shard-00-00-gtxku.mongodb.net:27017], passives=[], arbiters=[], primary='cl1-shard-00-02-gtxku.mongodb.net:27017', tagSet=TagSet{[Tag{name='nodeType', value='ELECTABLE'}, Tag{name='provider', value='AWS'}, Tag{name='region', value='US_EAST_1'}]}, electionId=7fffffff0000000000000002, setVersion=1, lastWriteDate=Thu Feb 13 06:30:10 EST 2020, lastUpdateTimeNanos=2241955388807}
]]></system-out>
  </testcase>
  <testcase name="testAllDocumentsUpdateDateIsDateType" classname="mflix.api.daos.MigrationTest" time="8.252">
    <failure message="Should not find documents where `lastupdated` is of `string` type expected:&lt;0&gt; but was:&lt;23539&gt;" type="java.lang.AssertionError"><![CDATA[java.lang.AssertionError: Should not find documents where `lastupdated` is of `string` type expected:<0> but was:<23539>
	at mflix.api.daos.MigrationTest.testAllDocumentsUpdateDateIsDateType(MigrationTest.java:31)
]]></failure>
    <system-out><![CDATA[2020-02-13 14:30:09.721  INFO 3246 --- [ngodb.net:27017] org.mongodb.driver.cluster               : Monitor thread successfully connected to server with description ServerDescription{address=cl1-shard-00-02-gtxku.mongodb.net:27017, type=REPLICA_SET_PRIMARY, state=CONNECTED, ok=true, version=ServerVersion{versionList=[4, 2, 3]}, minWireVersion=0, maxWireVersion=8, maxDocumentSize=16777216, logicalSessionTimeoutMinutes=30, roundTripTimeNanos=307102150, setName='CL1-shard-0', canonicalAddress=cl1-shard-00-02-gtxku.mongodb.net:27017, hosts=[cl1-shard-00-01-gtxku.mongodb.net:27017, cl1-shard-00-02-gtxku.mongodb.net:27017, cl1-shard-00-00-gtxku.mongodb.net:27017], passives=[], arbiters=[], primary='cl1-shard-00-02-gtxku.mongodb.net:27017', tagSet=TagSet{[Tag{name='nodeType', value='ELECTABLE'}, Tag{name='provider', value='AWS'}, Tag{name='region', value='US_EAST_1'}]}, electionId=7fffffff0000000000000002, setVersion=1, lastWriteDate=Thu Feb 13 06:30:10 EST 2020, lastUpdateTimeNanos=2242315341158}
2020-02-13 14:30:11.823  INFO 3246 --- [           main] org.mongodb.driver.cluster               : Cluster created with settings {hosts=[cl1-shard-00-00-gtxku.mongodb.net:27017, cl1-shard-00-02-gtxku.mongodb.net:27017, cl1-shard-00-01-gtxku.mongodb.net:27017], mode=MULTIPLE, requiredClusterType=REPLICA_SET, serverSelectionTimeout='30000 ms', maxWaitQueueSize=500, requiredReplicaSetName='CL1-shard-0'}
2020-02-13 14:30:11.823  INFO 3246 --- [           main] org.mongodb.driver.cluster               : Adding discovered server cl1-shard-00-00-gtxku.mongodb.net:27017 to client view of cluster
2020-02-13 14:30:11.825  INFO 3246 --- [           main] org.mongodb.driver.cluster               : Adding discovered server cl1-shard-00-02-gtxku.mongodb.net:27017 to client view of cluster
2020-02-13 14:30:11.828  INFO 3246 --- [           main] org.mongodb.driver.cluster               : Adding discovered server cl1-shard-00-01-gtxku.mongodb.net:27017 to client view of cluster
2020-02-13 14:30:11.830  INFO 3246 --- [           main] org.mongodb.driver.cluster               : No server chosen by com.mongodb.client.internal.MongoClientDelegate$1@68c34db2 from cluster description ClusterDescription{type=REPLICA_SET, connectionMode=MULTIPLE, serverDescriptions=[ServerDescription{address=cl1-shard-00-00-gtxku.mongodb.net:27017, type=UNKNOWN, state=CONNECTING}, ServerDescription{address=cl1-shard-00-01-gtxku.mongodb.net:27017, type=UNKNOWN, state=CONNECTING}, ServerDescription{address=cl1-shard-00-02-gtxku.mongodb.net:27017, type=UNKNOWN, state=CONNECTING}]}. Waiting for 30000 ms before timing out
2020-02-13 14:30:12.181  INFO 3246 --- [ngodb.net:27017] org.mongodb.driver.cluster               : Monitor thread successfully connected to server with description ServerDescription{address=cl1-shard-00-02-gtxku.mongodb.net:27017, type=REPLICA_SET_PRIMARY, state=CONNECTED, ok=true, version=ServerVersion{versionList=[4, 2, 3]}, minWireVersion=0, maxWireVersion=8, maxDocumentSize=16777216, logicalSessionTimeoutMinutes=30, roundTripTimeNanos=376819814, setName='CL1-shard-0', canonicalAddress=cl1-shard-00-02-gtxku.mongodb.net:27017, hosts=[cl1-shard-00-01-gtxku.mongodb.net:27017, cl1-shard-00-02-gtxku.mongodb.net:27017, cl1-shard-00-00-gtxku.mongodb.net:27017], passives=[], arbiters=[], primary='cl1-shard-00-02-gtxku.mongodb.net:27017', tagSet=TagSet{[Tag{name='nodeType', value='ELECTABLE'}, Tag{name='provider', value='AWS'}, Tag{name='region', value='US_EAST_1'}]}, electionId=7fffffff0000000000000002, setVersion=1, lastWriteDate=Thu Feb 13 06:30:10 EST 2020, lastUpdateTimeNanos=2244776479611}
2020-02-13 14:30:12.281  INFO 3246 --- [ngodb.net:27017] org.mongodb.driver.cluster               : Monitor thread successfully connected to server with description ServerDescription{address=cl1-shard-00-02-gtxku.mongodb.net:27017, type=REPLICA_SET_PRIMARY, state=CONNECTED, ok=true, version=ServerVersion{versionList=[4, 2, 3]}, minWireVersion=0, maxWireVersion=8, maxDocumentSize=16777216, logicalSessionTimeoutMinutes=30, roundTripTimeNanos=468626715, setName='CL1-shard-0', canonicalAddress=cl1-shard-00-02-gtxku.mongodb.net:27017, hosts=[cl1-shard-00-01-gtxku.mongodb.net:27017, cl1-shard-00-02-gtxku.mongodb.net:27017, cl1-shard-00-00-gtxku.mongodb.net:27017], passives=[], arbiters=[], primary='cl1-shard-00-02-gtxku.mongodb.net:27017', tagSet=TagSet{[Tag{name='nodeType', value='ELECTABLE'}, Tag{name='provider', value='AWS'}, Tag{name='region', value='US_EAST_1'}]}, electionId=7fffffff0000000000000002, setVersion=1, lastWriteDate=Thu Feb 13 06:30:10 EST 2020, lastUpdateTimeNanos=2244876596670}
2020-02-13 14:30:13.966  INFO 3246 --- [ngodb.net:27017] org.mongodb.driver.connection            : Opened connection [connectionId{localValue:26, serverValue:73043}] to cl1-shard-00-00-gtxku.mongodb.net:27017
2020-02-13 14:30:13.996  INFO 3246 --- [ngodb.net:27017] org.mongodb.driver.connection            : Opened connection [connectionId{localValue:27, serverValue:72920}] to cl1-shard-00-02-gtxku.mongodb.net:27017
2020-02-13 14:30:14.019  INFO 3246 --- [ngodb.net:27017] org.mongodb.driver.connection            : Opened connection [connectionId{localValue:28, serverValue:75326}] to cl1-shard-00-01-gtxku.mongodb.net:27017
2020-02-13 14:30:14.264  INFO 3246 --- [ngodb.net:27017] org.mongodb.driver.cluster               : Monitor thread successfully connected to server with description ServerDescription{address=cl1-shard-00-00-gtxku.mongodb.net:27017, type=REPLICA_SET_SECONDARY, state=CONNECTED, ok=true, version=ServerVersion{versionList=[4, 2, 3]}, minWireVersion=0, maxWireVersion=8, maxDocumentSize=16777216, logicalSessionTimeoutMinutes=30, roundTripTimeNanos=297258648, setName='CL1-shard-0', canonicalAddress=cl1-shard-00-00-gtxku.mongodb.net:27017, hosts=[cl1-shard-00-01-gtxku.mongodb.net:27017, cl1-shard-00-02-gtxku.mongodb.net:27017, cl1-shard-00-00-gtxku.mongodb.net:27017], passives=[], arbiters=[], primary='cl1-shard-00-02-gtxku.mongodb.net:27017', tagSet=TagSet{[Tag{name='nodeType', value='ELECTABLE'}, Tag{name='provider', value='AWS'}, Tag{name='region', value='US_EAST_1'}]}, electionId=null, setVersion=1, lastWriteDate=Thu Feb 13 06:30:22 EST 2020, lastUpdateTimeNanos=2246858957400}
2020-02-13 14:30:14.266  INFO 3246 --- [           main] org.mongodb.driver.cluster               : No server chosen by ReadPreferenceServerSelector{readPreference=primary} from cluster description ClusterDescription{type=REPLICA_SET, connectionMode=MULTIPLE, serverDescriptions=[ServerDescription{address=cl1-shard-00-00-gtxku.mongodb.net:27017, type=REPLICA_SET_SECONDARY, state=CONNECTED, ok=true, version=ServerVersion{versionList=[4, 2, 3]}, minWireVersion=0, maxWireVersion=8, maxDocumentSize=16777216, logicalSessionTimeoutMinutes=30, roundTripTimeNanos=297258648, setName='CL1-shard-0', canonicalAddress=cl1-shard-00-00-gtxku.mongodb.net:27017, hosts=[cl1-shard-00-01-gtxku.mongodb.net:27017, cl1-shard-00-02-gtxku.mongodb.net:27017, cl1-shard-00-00-gtxku.mongodb.net:27017], passives=[], arbiters=[], primary='cl1-shard-00-02-gtxku.mongodb.net:27017', tagSet=TagSet{[Tag{name='nodeType', value='ELECTABLE'}, Tag{name='provider', value='AWS'}, Tag{name='region', value='US_EAST_1'}]}, electionId=null, setVersion=1, lastWriteDate=Thu Feb 13 06:30:22 EST 2020, lastUpdateTimeNanos=2246858957400}, ServerDescription{address=cl1-shard-00-01-gtxku.mongodb.net:27017, type=UNKNOWN, state=CONNECTING}, ServerDescription{address=cl1-shard-00-02-gtxku.mongodb.net:27017, type=UNKNOWN, state=CONNECTING}]}. Waiting for 30000 ms before timing out
2020-02-13 14:30:14.293  INFO 3246 --- [ngodb.net:27017] org.mongodb.driver.cluster               : Monitor thread successfully connected to server with description ServerDescription{address=cl1-shard-00-02-gtxku.mongodb.net:27017, type=REPLICA_SET_PRIMARY, state=CONNECTED, ok=true, version=ServerVersion{versionList=[4, 2, 3]}, minWireVersion=0, maxWireVersion=8, maxDocumentSize=16777216, logicalSessionTimeoutMinutes=30, roundTripTimeNanos=297281181, setName='CL1-shard-0', canonicalAddress=cl1-shard-00-02-gtxku.mongodb.net:27017, hosts=[cl1-shard-00-01-gtxku.mongodb.net:27017, cl1-shard-00-02-gtxku.mongodb.net:27017, cl1-shard-00-00-gtxku.mongodb.net:27017], passives=[], arbiters=[], primary='cl1-shard-00-02-gtxku.mongodb.net:27017', tagSet=TagSet{[Tag{name='provider', value='AWS'}, Tag{name='nodeType', value='ELECTABLE'}, Tag{name='region', value='US_EAST_1'}]}, electionId=7fffffff0000000000000002, setVersion=1, lastWriteDate=Thu Feb 13 06:30:22 EST 2020, lastUpdateTimeNanos=2246888711880}
2020-02-13 14:30:14.294  INFO 3246 --- [ngodb.net:27017] org.mongodb.driver.cluster               : Setting max election id to 7fffffff0000000000000002 from replica set primary cl1-shard-00-02-gtxku.mongodb.net:27017
2020-02-13 14:30:14.294  INFO 3246 --- [ngodb.net:27017] org.mongodb.driver.cluster               : Setting max set version to 1 from replica set primary cl1-shard-00-02-gtxku.mongodb.net:27017
2020-02-13 14:30:14.294  INFO 3246 --- [ngodb.net:27017] org.mongodb.driver.cluster               : Discovered replica set primary cl1-shard-00-02-gtxku.mongodb.net:27017
2020-02-13 14:30:14.311  INFO 3246 --- [ngodb.net:27017] org.mongodb.driver.cluster               : Monitor thread successfully connected to server with description ServerDescription{address=cl1-shard-00-01-gtxku.mongodb.net:27017, type=REPLICA_SET_SECONDARY, state=CONNECTED, ok=true, version=ServerVersion{versionList=[4, 2, 3]}, minWireVersion=0, maxWireVersion=8, maxDocumentSize=16777216, logicalSessionTimeoutMinutes=30, roundTripTimeNanos=291120089, setName='CL1-shard-0', canonicalAddress=cl1-shard-00-01-gtxku.mongodb.net:27017, hosts=[cl1-shard-00-01-gtxku.mongodb.net:27017, cl1-shard-00-02-gtxku.mongodb.net:27017, cl1-shard-00-00-gtxku.mongodb.net:27017], passives=[], arbiters=[], primary='cl1-shard-00-02-gtxku.mongodb.net:27017', tagSet=TagSet{[Tag{name='region', value='US_EAST_1'}, Tag{name='provider', value='AWS'}, Tag{name='nodeType', value='ELECTABLE'}]}, electionId=null, setVersion=1, lastWriteDate=Thu Feb 13 06:30:22 EST 2020, lastUpdateTimeNanos=2246906597426}
2020-02-13 14:30:16.424  INFO 3246 --- [ngodb.net:27017] org.mongodb.driver.cluster               : Monitor thread successfully connected to server with description ServerDescription{address=cl1-shard-00-01-gtxku.mongodb.net:27017, type=REPLICA_SET_SECONDARY, state=CONNECTED, ok=true, version=ServerVersion{versionList=[4, 2, 3]}, minWireVersion=0, maxWireVersion=8, maxDocumentSize=16777216, logicalSessionTimeoutMinutes=30, roundTripTimeNanos=311777798, setName='CL1-shard-0', canonicalAddress=cl1-shard-00-01-gtxku.mongodb.net:27017, hosts=[cl1-shard-00-01-gtxku.mongodb.net:27017, cl1-shard-00-02-gtxku.mongodb.net:27017, cl1-shard-00-00-gtxku.mongodb.net:27017], passives=[], arbiters=[], primary='cl1-shard-00-02-gtxku.mongodb.net:27017', tagSet=TagSet{[Tag{name='region', value='US_EAST_1'}, Tag{name='provider', value='AWS'}, Tag{name='nodeType', value='ELECTABLE'}]}, electionId=null, setVersion=1, lastWriteDate=Thu Feb 13 06:30:22 EST 2020, lastUpdateTimeNanos=2249018978618}
2020-02-13 14:30:16.674  INFO 3246 --- [ngodb.net:27017] org.mongodb.driver.cluster               : Monitor thread successfully connected to server with description ServerDescription{address=cl1-shard-00-01-gtxku.mongodb.net:27017, type=REPLICA_SET_SECONDARY, state=CONNECTED, ok=true, version=ServerVersion{versionList=[4, 2, 3]}, minWireVersion=0, maxWireVersion=8, maxDocumentSize=16777216, logicalSessionTimeoutMinutes=30, roundTripTimeNanos=296396396, setName='CL1-shard-0', canonicalAddress=cl1-shard-00-01-gtxku.mongodb.net:27017, hosts=[cl1-shard-00-01-gtxku.mongodb.net:27017, cl1-shard-00-02-gtxku.mongodb.net:27017, cl1-shard-00-00-gtxku.mongodb.net:27017], passives=[], arbiters=[], primary='cl1-shard-00-02-gtxku.mongodb.net:27017', tagSet=TagSet{[Tag{name='region', value='US_EAST_1'}, Tag{name='provider', value='AWS'}, Tag{name='nodeType', value='ELECTABLE'}]}, electionId=null, setVersion=1, lastWriteDate=Thu Feb 13 06:30:22 EST 2020, lastUpdateTimeNanos=2249269515029}
2020-02-13 14:30:16.722  INFO 3246 --- [ngodb.net:27017] org.mongodb.driver.cluster               : Monitor thread successfully connected to server with description ServerDescription{address=cl1-shard-00-00-gtxku.mongodb.net:27017, type=REPLICA_SET_SECONDARY, state=CONNECTED, ok=true, version=ServerVersion{versionList=[4, 2, 3]}, minWireVersion=0, maxWireVersion=8, maxDocumentSize=16777216, logicalSessionTimeoutMinutes=30, roundTripTimeNanos=331059690, setName='CL1-shard-0', canonicalAddress=cl1-shard-00-00-gtxku.mongodb.net:27017, hosts=[cl1-shard-00-01-gtxku.mongodb.net:27017, cl1-shard-00-02-gtxku.mongodb.net:27017, cl1-shard-00-00-gtxku.mongodb.net:27017], passives=[], arbiters=[], primary='cl1-shard-00-02-gtxku.mongodb.net:27017', tagSet=TagSet{[Tag{name='nodeType', value='ELECTABLE'}, Tag{name='provider', value='AWS'}, Tag{name='region', value='US_EAST_1'}]}, electionId=null, setVersion=1, lastWriteDate=Thu Feb 13 06:30:22 EST 2020, lastUpdateTimeNanos=2249317020101}
2020-02-13 14:30:17.255  INFO 3246 --- [           main] org.mongodb.driver.connection            : Opened connection [connectionId{localValue:29, serverValue:80439}] to cl1-shard-00-02-gtxku.mongodb.net:27017
2020-02-13 14:30:17.599  INFO 3246 --- [ngodb.net:27017] org.mongodb.driver.cluster               : Monitor thread successfully connected to server with description ServerDescription{address=cl1-shard-00-00-gtxku.mongodb.net:27017, type=REPLICA_SET_SECONDARY, state=CONNECTED, ok=true, version=ServerVersion{versionList=[4, 2, 3]}, minWireVersion=0, maxWireVersion=8, maxDocumentSize=16777216, logicalSessionTimeoutMinutes=30, roundTripTimeNanos=307901424, setName='CL1-shard-0', canonicalAddress=cl1-shard-00-00-gtxku.mongodb.net:27017, hosts=[cl1-shard-00-01-gtxku.mongodb.net:27017, cl1-shard-00-02-gtxku.mongodb.net:27017, cl1-shard-00-00-gtxku.mongodb.net:27017], passives=[], arbiters=[], primary='cl1-shard-00-02-gtxku.mongodb.net:27017', tagSet=TagSet{[Tag{name='nodeType', value='ELECTABLE'}, Tag{name='provider', value='AWS'}, Tag{name='region', value='US_EAST_1'}]}, electionId=null, setVersion=1, lastWriteDate=Thu Feb 13 06:30:22 EST 2020, lastUpdateTimeNanos=2250193911360}
2020-02-13 14:30:17.602  INFO 3246 --- [ngodb.net:27017] org.mongodb.driver.cluster               : Monitor thread successfully connected to server with description ServerDescription{address=cl1-shard-00-01-gtxku.mongodb.net:27017, type=REPLICA_SET_SECONDARY, state=CONNECTED, ok=true, version=ServerVersion{versionList=[4, 2, 3]}, minWireVersion=0, maxWireVersion=8, maxDocumentSize=16777216, logicalSessionTimeoutMinutes=30, roundTripTimeNanos=309224879, setName='CL1-shard-0', canonicalAddress=cl1-shard-00-01-gtxku.mongodb.net:27017, hosts=[cl1-shard-00-01-gtxku.mongodb.net:27017, cl1-shard-00-02-gtxku.mongodb.net:27017, cl1-shard-00-00-gtxku.mongodb.net:27017], passives=[], arbiters=[], primary='cl1-shard-00-02-gtxku.mongodb.net:27017', tagSet=TagSet{[Tag{name='region', value='US_EAST_1'}, Tag{name='provider', value='AWS'}, Tag{name='nodeType', value='ELECTABLE'}]}, electionId=null, setVersion=1, lastWriteDate=Thu Feb 13 06:30:22 EST 2020, lastUpdateTimeNanos=2250196791597}
2020-02-13 14:30:17.644  INFO 3246 --- [ngodb.net:27017] org.mongodb.driver.cluster               : Monitor thread successfully connected to server with description ServerDescription{address=cl1-shard-00-00-gtxku.mongodb.net:27017, type=REPLICA_SET_SECONDARY, state=CONNECTED, ok=true, version=ServerVersion{versionList=[4, 2, 3]}, minWireVersion=0, maxWireVersion=8, maxDocumentSize=16777216, logicalSessionTimeoutMinutes=30, roundTripTimeNanos=297103509, setName='CL1-shard-0', canonicalAddress=cl1-shard-00-00-gtxku.mongodb.net:27017, hosts=[cl1-shard-00-01-gtxku.mongodb.net:27017, cl1-shard-00-02-gtxku.mongodb.net:27017, cl1-shard-00-00-gtxku.mongodb.net:27017], passives=[], arbiters=[], primary='cl1-shard-00-02-gtxku.mongodb.net:27017', tagSet=TagSet{[Tag{name='nodeType', value='ELECTABLE'}, Tag{name='provider', value='AWS'}, Tag{name='region', value='US_EAST_1'}]}, electionId=null, setVersion=1, lastWriteDate=Thu Feb 13 06:30:22 EST 2020, lastUpdateTimeNanos=2250238983591}
]]></system-out>
  </testcase>
</testsuite>