<?xml version="1.0" encoding="UTF-8"?>
<testsuite xmlns:xsi="http://www.w3.org/2001/XMLSchema-instance" xsi:noNamespaceSchemaLocation="https://maven.apache.org/surefire/maven-surefire-plugin/xsd/surefire-test-report.xsd" name="mflix.api.daos.FacetedSearchTest" time="31.015" tests="3" errors="1" skipped="0" failures="2">
  <properties>
[...]
</properties>
  <testcase name="testRatingRuntimeBuckets" classname="mflix.api.daos.FacetedSearchTest" time="8.01">
    <error type="java.lang.NullPointerException">java.lang.NullPointerException
	at mflix.api.daos.FacetedSearchTest.testRatingRuntimeBuckets(FacetedSearchTest.java:49)
</error>
    <system-out><![CDATA[14:27:08.556 [main] DEBUG org.springframework.test.context.junit4.SpringJUnit4ClassRunner - SpringJUnit4ClassRunner constructor called with [class mflix.api.daos.FacetedSearchTest]
14:27:08.566 [main] DEBUG org.springframework.test.context.BootstrapUtils - Instantiating CacheAwareContextLoaderDelegate from class [org.springframework.test.context.cache.DefaultCacheAwareContextLoaderDelegate]
14:27:08.587 [main] DEBUG org.springframework.test.context.BootstrapUtils - Instantiating BootstrapContext using constructor [public org.springframework.test.context.support.DefaultBootstrapContext(java.lang.Class,org.springframework.test.context.CacheAwareContextLoaderDelegate)]
14:27:08.656 [main] DEBUG org.springframework.test.context.BootstrapUtils - Instantiating TestContextBootstrapper for test class [mflix.api.daos.FacetedSearchTest] from class [org.springframework.boot.test.context.SpringBootTestContextBootstrapper]
14:27:08.711 [main] INFO org.springframework.boot.test.context.SpringBootTestContextBootstrapper - Neither @ContextConfiguration nor @ContextHierarchy found for test class [mflix.api.daos.FacetedSearchTest], using SpringBootContextLoader
14:27:08.717 [main] DEBUG org.springframework.test.context.support.AbstractContextLoader - Did not detect default resource location for test class [mflix.api.daos.FacetedSearchTest]: class path resource [mflix/api/daos/FacetedSearchTest-context.xml] does not exist
14:27:08.718 [main] DEBUG org.springframework.test.context.support.AbstractContextLoader - Did not detect default resource location for test class [mflix.api.daos.FacetedSearchTest]: class path resource [mflix/api/daos/FacetedSearchTestContext.groovy] does not exist
14:27:08.718 [main] INFO org.springframework.test.context.support.AbstractContextLoader - Could not detect default resource locations for test class [mflix.api.daos.FacetedSearchTest]: no resource found for suffixes {-context.xml, Context.groovy}.
14:27:08.967 [main] DEBUG org.springframework.test.context.support.ActiveProfilesUtils - Could not find an 'annotation declaring class' for annotation type [org.springframework.test.context.ActiveProfiles] and class [mflix.api.daos.FacetedSearchTest]
14:27:09.252 [main] DEBUG org.springframework.boot.test.context.SpringBootTestContextBootstrapper - @TestExecutionListeners is not present for class [mflix.api.daos.FacetedSearchTest]: using defaults.
14:27:09.257 [main] INFO org.springframework.boot.test.context.SpringBootTestContextBootstrapper - Loaded default TestExecutionListener class names from location [META-INF/spring.factories]: [org.springframework.boot.test.mock.mockito.MockitoTestExecutionListener, org.springframework.boot.test.mock.mockito.ResetMocksTestExecutionListener, org.springframework.boot.test.autoconfigure.restdocs.RestDocsTestExecutionListener, org.springframework.boot.test.autoconfigure.web.client.MockRestServiceServerResetTestExecutionListener, org.springframework.boot.test.autoconfigure.web.servlet.MockMvcPrintOnlyOnFailureTestExecutionListener, org.springframework.boot.test.autoconfigure.web.servlet.WebDriverTestExecutionListener, org.springframework.test.context.web.ServletTestExecutionListener, org.springframework.test.context.support.DirtiesContextBeforeModesTestExecutionListener, org.springframework.test.context.support.DependencyInjectionTestExecutionListener, org.springframework.test.context.support.DirtiesContextTestExecutionListener, org.springframework.test.context.transaction.TransactionalTestExecutionListener, org.springframework.test.context.jdbc.SqlScriptsTestExecutionListener]
14:27:09.277 [main] DEBUG org.springframework.boot.test.context.SpringBootTestContextBootstrapper - Skipping candidate TestExecutionListener [org.springframework.test.context.transaction.TransactionalTestExecutionListener] due to a missing dependency. Specify custom listener classes or make the default listener classes and their required dependencies available. Offending class: [org/springframework/transaction/interceptor/TransactionAttributeSource]
14:27:09.279 [main] DEBUG org.springframework.boot.test.context.SpringBootTestContextBootstrapper - Skipping candidate TestExecutionListener [org.springframework.test.context.jdbc.SqlScriptsTestExecutionListener] due to a missing dependency. Specify custom listener classes or make the default listener classes and their required dependencies available. Offending class: [org/springframework/transaction/interceptor/TransactionAttribute]
14:27:09.290 [main] INFO org.springframework.boot.test.context.SpringBootTestContextBootstrapper - Using TestExecutionListeners: [org.springframework.test.context.web.ServletTestExecutionListener@404bbcbd, org.springframework.test.context.support.DirtiesContextBeforeModesTestExecutionListener@1e81f160, org.springframework.boot.test.mock.mockito.MockitoTestExecutionListener@1acaf3d, org.springframework.boot.test.autoconfigure.SpringBootDependencyInjectionTestExecutionListener@6986852, org.springframework.test.context.support.DirtiesContextTestExecutionListener@1bab8268, org.springframework.boot.test.mock.mockito.ResetMocksTestExecutionListener@a307a8c, org.springframework.boot.test.autoconfigure.restdocs.RestDocsTestExecutionListener@6e01f9b0, org.springframework.boot.test.autoconfigure.web.client.MockRestServiceServerResetTestExecutionListener@2b9ed6da, org.springframework.boot.test.autoconfigure.web.servlet.MockMvcPrintOnlyOnFailureTestExecutionListener@6c61a903, org.springframework.boot.test.autoconfigure.web.servlet.WebDriverTestExecutionListener@658c5a19]
14:27:09.296 [main] DEBUG org.springframework.test.annotation.ProfileValueUtils - Retrieved @ProfileValueSourceConfiguration [null] for test class [mflix.api.daos.FacetedSearchTest]
14:27:09.296 [main] DEBUG org.springframework.test.annotation.ProfileValueUtils - Retrieved ProfileValueSource type [class org.springframework.test.annotation.SystemProfileValueSource] for class [mflix.api.daos.FacetedSearchTest]
14:27:09.314 [main] DEBUG org.springframework.test.annotation.ProfileValueUtils - Retrieved @ProfileValueSourceConfiguration [null] for test class [mflix.api.daos.FacetedSearchTest]
14:27:09.315 [main] DEBUG org.springframework.test.annotation.ProfileValueUtils - Retrieved ProfileValueSource type [class org.springframework.test.annotation.SystemProfileValueSource] for class [mflix.api.daos.FacetedSearchTest]
14:27:09.317 [main] DEBUG org.springframework.test.annotation.ProfileValueUtils - Retrieved @ProfileValueSourceConfiguration [null] for test class [mflix.api.daos.FacetedSearchTest]
14:27:09.317 [main] DEBUG org.springframework.test.annotation.ProfileValueUtils - Retrieved ProfileValueSource type [class org.springframework.test.annotation.SystemProfileValueSource] for class [mflix.api.daos.FacetedSearchTest]
14:27:09.326 [main] DEBUG org.springframework.test.context.support.AbstractDirtiesContextTestExecutionListener - Before test class: context [DefaultTestContext@490caf5f testClass = FacetedSearchTest, testInstance = [null], testMethod = [null], testException = [null], mergedContextConfiguration = [WebMergedContextConfiguration@6337c201 testClass = FacetedSearchTest, locations = '{}', classes = '{class mflix.config.MongoDBConfiguration, class mflix.config.MongoDBConfiguration}', contextInitializerClasses = '[]', activeProfiles = '{}', propertySourceLocations = '{}', propertySourceProperties = '{org.springframework.boot.test.context.SpringBootTestContextBootstrapper=true}', contextCustomizers = set[[ImportsContextCustomizer@5c669da8 key = [@org.springframework.boot.autoconfigure.AutoConfigurationPackage(), @org.springframework.boot.context.properties.EnableConfigurationProperties(value={}), @org.springframework.test.context.BootstrapWith(value=org.springframework.boot.test.context.SpringBootTestContextBootstrapper.class), @org.springframework.context.annotation.Import(value={org.springframework.boot.autoconfigure.AutoConfigurationPackages$Registrar.class}), @org.springframework.boot.autoconfigure.EnableAutoConfiguration(excludeName={}, exclude={}), @org.springframework.context.annotation.Import(value={org.springframework.boot.autoconfigure.AutoConfigurationImportSelector.class}), @org.springframework.boot.test.context.SpringBootTest(webEnvironment=MOCK, value={}, properties={}, classes={mflix.config.MongoDBConfiguration.class}), @org.junit.runner.RunWith(value=org.springframework.test.context.junit4.SpringJUnit4ClassRunner.class), @org.springframework.context.annotation.Import(value={org.springframework.boot.context.properties.EnableConfigurationPropertiesImportSelector.class})]], org.springframework.boot.test.context.filter.ExcludeFilterContextCustomizer@25084a1e, org.springframework.boot.test.json.DuplicateJsonObjectContextCustomizerFactory$DuplicateJsonObjectContextCustomizer@16610890, org.springframework.boot.test.mock.mockito.MockitoContextCustomizer@0, org.springframework.boot.test.web.client.TestRestTemplateContextCustomizer@1da2cb77, org.springframework.boot.test.autoconfigure.properties.PropertyMappingContextCustomizer@0, org.springframework.boot.test.autoconfigure.web.servlet.WebDriverContextCustomizerFactory$Customizer@43dac38f], resourceBasePath = 'src/main/webapp', contextLoader = 'org.springframework.boot.test.context.SpringBootContextLoader', parent = [null]], attributes = map['org.springframework.test.context.web.ServletTestExecutionListener.activateListener' -> true]], class annotated with @DirtiesContext [false] with mode [null].
14:27:09.327 [main] DEBUG org.springframework.test.annotation.ProfileValueUtils - Retrieved @ProfileValueSourceConfiguration [null] for test class [mflix.api.daos.FacetedSearchTest]
14:27:09.327 [main] DEBUG org.springframework.test.annotation.ProfileValueUtils - Retrieved ProfileValueSource type [class org.springframework.test.annotation.SystemProfileValueSource] for class [mflix.api.daos.FacetedSearchTest]
14:27:09.363 [main] DEBUG org.springframework.core.env.StandardEnvironment - Adding PropertySource 'systemProperties' with lowest search precedence
14:27:09.364 [main] DEBUG org.springframework.core.env.StandardEnvironment - Adding PropertySource 'systemEnvironment' with lowest search precedence
14:27:09.365 [main] DEBUG org.springframework.core.env.StandardEnvironment - Initialized StandardEnvironment with PropertySources [MapPropertySource@1989132530 {name='systemProperties', properties={sun.desktop=gnome, awt.toolkit=sun.awt.X11.XToolkit, java.specification.version=11, sun.cpu.isalist=, sun.jnu.encoding=UTF-8, java.class.path=/root/IdeaProjects/MongoDB/mflix-java/mflix/target/test-classes:/root/IdeaProjects/MongoDB/mflix-java/mflix/target/classes:/root/.m2/repository/org/springframework/boot/spring-boot-starter-web/2.0.3.RELEASE/spring-boot-starter-web-2.0.3.RELEASE.jar:/root/.m2/repository/org/springframework/boot/spring-boot-starter/2.0.3.RELEASE/spring-boot-starter-2.0.3.RELEASE.jar:/root/.m2/repository/org/springframework/boot/spring-boot-starter-logging/2.0.3.RELEASE/spring-boot-starter-logging-2.0.3.RELEASE.jar:/root/.m2/repository/ch/qos/logback/logback-classic/1.2.3/logback-classic-1.2.3.jar:/root/.m2/repository/ch/qos/logback/logback-core/1.2.3/logback-core-1.2.3.jar:/root/.m2/repository/org/apache/logging/log4j/log4j-to-slf4j/2.10.0/log4j-to-slf4j-2.10.0.jar:/root/.m2/repository/org/apache/logging/log4j/log4j-api/2.10.0/log4j-api-2.10.0.jar:/root/.m2/repository/org/slf4j/jul-to-slf4j/1.7.25/jul-to-slf4j-1.7.25.jar:/root/.m2/repository/javax/annotation/javax.annotation-api/1.3.2/javax.annotation-api-1.3.2.jar:/root/.m2/repository/org/yaml/snakeyaml/1.19/snakeyaml-1.19.jar:/root/.m2/repository/org/springframework/boot/spring-boot-starter-json/2.0.3.RELEASE/spring-boot-starter-json-2.0.3.RELEASE.jar:/root/.m2/repository/com/fasterxml/jackson/datatype/jackson-datatype-jdk8/2.9.6/jackson-datatype-jdk8-2.9.6.jar:/root/.m2/repository/com/fasterxml/jackson/datatype/jackson-datatype-jsr310/2.9.6/jackson-datatype-jsr310-2.9.6.jar:/root/.m2/repository/com/fasterxml/jackson/module/jackson-module-parameter-names/2.9.6/jackson-module-parameter-names-2.9.6.jar:/root/.m2/repository/org/springframework/boot/spring-boot-starter-tomcat/2.0.3.RELEASE/spring-boot-starter-tomcat-2.0.3.RELEASE.jar:/root/.m2/repository/org/apache/tomcat/embed/tomcat-embed-core/8.5.31/tomcat-embed-core-8.5.31.jar:/root/.m2/repository/org/apache/tomcat/embed/tomcat-embed-el/8.5.31/tomcat-embed-el-8.5.31.jar:/root/.m2/repository/org/apache/tomcat/embed/tomcat-embed-websocket/8.5.31/tomcat-embed-websocket-8.5.31.jar:/root/.m2/repository/org/hibernate/validator/hibernate-validator/6.0.10.Final/hibernate-validator-6.0.10.Final.jar:/root/.m2/repository/javax/validation/validation-api/2.0.1.Final/validation-api-2.0.1.Final.jar:/root/.m2/repository/org/jboss/logging/jboss-logging/3.3.2.Final/jboss-logging-3.3.2.Final.jar:/root/.m2/repository/com/fasterxml/classmate/1.3.4/classmate-1.3.4.jar:/root/.m2/repository/org/springframework/spring-webmvc/5.0.7.RELEASE/spring-webmvc-5.0.7.RELEASE.jar:/root/.m2/repository/org/springframework/boot/spring-boot-starter-test/2.0.3.RELEASE/spring-boot-starter-test-2.0.3.RELEASE.jar:/root/.m2/repository/org/springframework/boot/spring-boot-test/2.0.3.RELEASE/spring-boot-test-2.0.3.RELEASE.jar:/root/.m2/repository/org/springframework/boot/spring-boot-test-autoconfigure/2.0.3.RELEASE/spring-boot-test-autoconfigure-2.0.3.RELEASE.jar:/root/.m2/repository/com/jayway/jsonpath/json-path/2.4.0/json-path-2.4.0.jar:/root/.m2/repository/net/minidev/json-smart/2.3/json-smart-2.3.jar:/root/.m2/repository/net/minidev/accessors-smart/1.2/accessors-smart-1.2.jar:/root/.m2/repository/org/ow2/asm/asm/5.0.4/asm-5.0.4.jar:/root/.m2/repository/org/slf4j/slf4j-api/1.7.25/slf4j-api-1.7.25.jar:/root/.m2/repository/junit/junit/4.12/junit-4.12.jar:/root/.m2/repository/org/assertj/assertj-core/3.9.1/assertj-core-3.9.1.jar:/root/.m2/repository/org/mockito/mockito-core/2.15.0/mockito-core-2.15.0.jar:/root/.m2/repository/net/bytebuddy/byte-buddy/1.7.9/byte-buddy-1.7.9.jar:/root/.m2/repository/net/bytebuddy/byte-buddy-agent/1.7.9/byte-buddy-agent-1.7.9.jar:/root/.m2/repository/org/objenesis/objenesis/2.6/objenesis-2.6.jar:/root/.m2/repository/org/hamcrest/hamcrest-core/1.3/hamcrest-core-1.3.jar:/root/.m2/repository/org/hamcrest/hamcrest-library/1.3/hamcrest-library-1.3.jar:/root/.m2/repository/org/skyscreamer/jsonassert/1.5.0/jsonassert-1.5.0.jar:/root/.m2/repository/com/vaadin/external/google/android-json/0.0.20131108.vaadin1/android-json-0.0.20131108.vaadin1.jar:/root/.m2/repository/org/springframework/spring-test/5.0.7.RELEASE/spring-test-5.0.7.RELEASE.jar:/root/.m2/repository/org/xmlunit/xmlunit-core/2.5.1/xmlunit-core-2.5.1.jar:/root/.m2/repository/org/springframework/boot/spring-boot-starter-security/2.0.4.RELEASE/spring-boot-starter-security-2.0.4.RELEASE.jar:/root/.m2/repository/org/springframework/spring-aop/5.0.8.RELEASE/spring-aop-5.0.8.RELEASE.jar:/root/.m2/repository/org/springframework/security/spring-security-config/5.0.7.RELEASE/spring-security-config-5.0.7.RELEASE.jar:/root/.m2/repository/org/springframework/security/spring-security-core/5.0.7.RELEASE/spring-security-core-5.0.7.RELEASE.jar:/root/.m2/repository/org/springframework/security/spring-security-web/5.0.7.RELEASE/spring-security-web-5.0.7.RELEASE.jar:/root/.m2/repository/org/springframework/boot/spring-boot/2.0.4.RELEASE/spring-boot-2.0.4.RELEASE.jar:/root/.m2/repository/org/springframework/spring-context/5.0.7.RELEASE/spring-context-5.0.7.RELEASE.jar:/root/.m2/repository/org/springframework/spring-beans/5.0.7.RELEASE/spring-beans-5.0.7.RELEASE.jar:/root/.m2/repository/org/springframework/spring-expression/5.0.7.RELEASE/spring-expression-5.0.7.RELEASE.jar:/root/.m2/repository/org/springframework/spring-core/5.0.7.RELEASE/spring-core-5.0.7.RELEASE.jar:/root/.m2/repository/org/springframework/spring-jcl/5.0.7.RELEASE/spring-jcl-5.0.7.RELEASE.jar:/root/.m2/repository/org/springframework/boot/spring-boot-autoconfigure/2.0.3.RELEASE/spring-boot-autoconfigure-2.0.3.RELEASE.jar:/root/.m2/repository/org/springframework/spring-web/5.0.7.RELEASE/spring-web-5.0.7.RELEASE.jar:/root/.m2/repository/io/jsonwebtoken/jjwt/0.9.1/jjwt-0.9.1.jar:/root/.m2/repository/com/fasterxml/jackson/core/jackson-databind/2.9.6/jackson-databind-2.9.6.jar:/root/.m2/repository/com/fasterxml/jackson/core/jackson-annotations/2.9.0/jackson-annotations-2.9.0.jar:/root/.m2/repository/com/fasterxml/jackson/core/jackson-core/2.9.6/jackson-core-2.9.6.jar:/root/.m2/repository/org/junit/jupiter/junit-jupiter-api/5.1.0/junit-jupiter-api-5.1.0.jar:/root/.m2/repository/org/apiguardian/apiguardian-api/1.0.0/apiguardian-api-1.0.0.jar:/root/.m2/repository/org/opentest4j/opentest4j/1.0.0/opentest4j-1.0.0.jar:/root/.m2/repository/org/junit/platform/junit-platform-commons/1.1.0/junit-platform-commons-1.1.0.jar:/root/.m2/repository/org/mongodb/mongodb-driver-sync/3.9.1/mongodb-driver-sync-3.9.1.jar:/root/.m2/repository/org/mongodb/bson/3.9.1/bson-3.9.1.jar:/root/.m2/repository/org/mongodb/mongodb-driver-core/3.9.1/mongodb-driver-core-3.9.1.jar:, java.vm.vendor=JetBrains s.r.o, sun.arch.data.model=64, java.vendor.url=https://www.jetbrains.com/, user.timezone=US/Eastern, os.name=Linux, java.vm.specification.version=11, sun.java.launcher=SUN_STANDARD, user.country=US, sun.boot.library.path=/root/Downloads/Compressed/ideaIU-2019.3.1/idea-IU-193.5662.53/jbr/lib, sun.java.command=/root/IdeaProjects/MongoDB/mflix-java/mflix/target/surefire/surefirebooter7841488248251940752.jar /root/IdeaProjects/MongoDB/mflix-java/mflix/target/surefire 2020-02-13T14-25-52_934-jvmRun1 surefire6252503039480914984tmp surefire_015307730290928810798tmp, jdk.debug=release, surefire.test.class.path=/root/IdeaProjects/MongoDB/mflix-java/mflix/target/test-classes:/root/IdeaProjects/MongoDB/mflix-java/mflix/target/classes:/root/.m2/repository/org/springframework/boot/spring-boot-starter-web/2.0.3.RELEASE/spring-boot-starter-web-2.0.3.RELEASE.jar:/root/.m2/repository/org/springframework/boot/spring-boot-starter/2.0.3.RELEASE/spring-boot-starter-2.0.3.RELEASE.jar:/root/.m2/repository/org/springframework/boot/spring-boot-starter-logging/2.0.3.RELEASE/spring-boot-starter-logging-2.0.3.RELEASE.jar:/root/.m2/repository/ch/qos/logback/logback-classic/1.2.3/logback-classic-1.2.3.jar:/root/.m2/repository/ch/qos/logback/logback-core/1.2.3/logback-core-1.2.3.jar:/root/.m2/repository/org/apache/logging/log4j/log4j-to-slf4j/2.10.0/log4j-to-slf4j-2.10.0.jar:/root/.m2/repository/org/apache/logging/log4j/log4j-api/2.10.0/log4j-api-2.10.0.jar:/root/.m2/repository/org/slf4j/jul-to-slf4j/1.7.25/jul-to-slf4j-1.7.25.jar:/root/.m2/repository/javax/annotation/javax.annotation-api/1.3.2/javax.annotation-api-1.3.2.jar:/root/.m2/repository/org/yaml/snakeyaml/1.19/snakeyaml-1.19.jar:/root/.m2/repository/org/springframework/boot/spring-boot-starter-json/2.0.3.RELEASE/spring-boot-starter-json-2.0.3.RELEASE.jar:/root/.m2/repository/com/fasterxml/jackson/datatype/jackson-datatype-jdk8/2.9.6/jackson-datatype-jdk8-2.9.6.jar:/root/.m2/repository/com/fasterxml/jackson/datatype/jackson-datatype-jsr310/2.9.6/jackson-datatype-jsr310-2.9.6.jar:/root/.m2/repository/com/fasterxml/jackson/module/jackson-module-parameter-names/2.9.6/jackson-module-parameter-names-2.9.6.jar:/root/.m2/repository/org/springframework/boot/spring-boot-starter-tomcat/2.0.3.RELEASE/spring-boot-starter-tomcat-2.0.3.RELEASE.jar:/root/.m2/repository/org/apache/tomcat/embed/tomcat-embed-core/8.5.31/tomcat-embed-core-8.5.31.jar:/root/.m2/repository/org/apache/tomcat/embed/tomcat-embed-el/8.5.31/tomcat-embed-el-8.5.31.jar:/root/.m2/repository/org/apache/tomcat/embed/tomcat-embed-websocket/8.5.31/tomcat-embed-websocket-8.5.31.jar:/root/.m2/repository/org/hibernate/validator/hibernate-validator/6.0.10.Final/hibernate-validator-6.0.10.Final.jar:/root/.m2/repository/javax/validation/validation-api/2.0.1.Final/validation-api-2.0.1.Final.jar:/root/.m2/repository/org/jboss/logging/jboss-logging/3.3.2.Final/jboss-logging-3.3.2.Final.jar:/root/.m2/repository/com/fasterxml/classmate/1.3.4/classmate-1.3.4.jar:/root/.m2/repository/org/springframework/spring-webmvc/5.0.7.RELEASE/spring-webmvc-5.0.7.RELEASE.jar:/root/.m2/repository/org/springframework/boot/spring-boot-starter-test/2.0.3.RELEASE/spring-boot-starter-test-2.0.3.RELEASE.jar:/root/.m2/repository/org/springframework/boot/spring-boot-test/2.0.3.RELEASE/spring-boot-test-2.0.3.RELEASE.jar:/root/.m2/repository/org/springframework/boot/spring-boot-test-autoconfigure/2.0.3.RELEASE/spring-boot-test-autoconfigure-2.0.3.RELEASE.jar:/root/.m2/repository/com/jayway/jsonpath/json-path/2.4.0/json-path-2.4.0.jar:/root/.m2/repository/net/minidev/json-smart/2.3/json-smart-2.3.jar:/root/.m2/repository/net/minidev/accessors-smart/1.2/accessors-smart-1.2.jar:/root/.m2/repository/org/ow2/asm/asm/5.0.4/asm-5.0.4.jar:/root/.m2/repository/org/slf4j/slf4j-api/1.7.25/slf4j-api-1.7.25.jar:/root/.m2/repository/junit/junit/4.12/junit-4.12.jar:/root/.m2/repository/org/assertj/assertj-core/3.9.1/assertj-core-3.9.1.jar:/root/.m2/repository/org/mockito/mockito-core/2.15.0/mockito-core-2.15.0.jar:/root/.m2/repository/net/bytebuddy/byte-buddy/1.7.9/byte-buddy-1.7.9.jar:/root/.m2/repository/net/bytebuddy/byte-buddy-agent/1.7.9/byte-buddy-agent-1.7.9.jar:/root/.m2/repository/org/objenesis/objenesis/2.6/objenesis-2.6.jar:/root/.m2/repository/org/hamcrest/hamcrest-core/1.3/hamcrest-core-1.3.jar:/root/.m2/repository/org/hamcrest/hamcrest-library/1.3/hamcrest-library-1.3.jar:/root/.m2/repository/org/skyscreamer/jsonassert/1.5.0/jsonassert-1.5.0.jar:/root/.m2/repository/com/vaadin/external/google/android-json/0.0.20131108.vaadin1/android-json-0.0.20131108.vaadin1.jar:/root/.m2/repository/org/springframework/spring-test/5.0.7.RELEASE/spring-test-5.0.7.RELEASE.jar:/root/.m2/repository/org/xmlunit/xmlunit-core/2.5.1/xmlunit-core-2.5.1.jar:/root/.m2/repository/org/springframework/boot/spring-boot-starter-security/2.0.4.RELEASE/spring-boot-starter-security-2.0.4.RELEASE.jar:/root/.m2/repository/org/springframework/spring-aop/5.0.8.RELEASE/spring-aop-5.0.8.RELEASE.jar:/root/.m2/repository/org/springframework/security/spring-security-config/5.0.7.RELEASE/spring-security-config-5.0.7.RELEASE.jar:/root/.m2/repository/org/springframework/security/spring-security-core/5.0.7.RELEASE/spring-security-core-5.0.7.RELEASE.jar:/root/.m2/repository/org/springframework/security/spring-security-web/5.0.7.RELEASE/spring-security-web-5.0.7.RELEASE.jar:/root/.m2/repository/org/springframework/boot/spring-boot/2.0.4.RELEASE/spring-boot-2.0.4.RELEASE.jar:/root/.m2/repository/org/springframework/spring-context/5.0.7.RELEASE/spring-context-5.0.7.RELEASE.jar:/root/.m2/repository/org/springframework/spring-beans/5.0.7.RELEASE/spring-beans-5.0.7.RELEASE.jar:/root/.m2/repository/org/springframework/spring-expression/5.0.7.RELEASE/spring-expression-5.0.7.RELEASE.jar:/root/.m2/repository/org/springframework/spring-core/5.0.7.RELEASE/spring-core-5.0.7.RELEASE.jar:/root/.m2/repository/org/springframework/spring-jcl/5.0.7.RELEASE/spring-jcl-5.0.7.RELEASE.jar:/root/.m2/repository/org/springframework/boot/spring-boot-autoconfigure/2.0.3.RELEASE/spring-boot-autoconfigure-2.0.3.RELEASE.jar:/root/.m2/repository/org/springframework/spring-web/5.0.7.RELEASE/spring-web-5.0.7.RELEASE.jar:/root/.m2/repository/io/jsonwebtoken/jjwt/0.9.1/jjwt-0.9.1.jar:/root/.m2/repository/com/fasterxml/jackson/core/jackson-databind/2.9.6/jackson-databind-2.9.6.jar:/root/.m2/repository/com/fasterxml/jackson/core/jackson-annotations/2.9.0/jackson-annotations-2.9.0.jar:/root/.m2/repository/com/fasterxml/jackson/core/jackson-core/2.9.6/jackson-core-2.9.6.jar:/root/.m2/repository/org/junit/jupiter/junit-jupiter-api/5.1.0/junit-jupiter-api-5.1.0.jar:/root/.m2/repository/org/apiguardian/apiguardian-api/1.0.0/apiguardian-api-1.0.0.jar:/root/.m2/repository/org/opentest4j/opentest4j/1.0.0/opentest4j-1.0.0.jar:/root/.m2/repository/org/junit/platform/junit-platform-commons/1.1.0/junit-platform-commons-1.1.0.jar:/root/.m2/repository/org/mongodb/mongodb-driver-sync/3.9.1/mongodb-driver-sync-3.9.1.jar:/root/.m2/repository/org/mongodb/bson/3.9.1/bson-3.9.1.jar:/root/.m2/repository/org/mongodb/mongodb-driver-core/3.9.1/mongodb-driver-core-3.9.1.jar:, sun.cpu.endian=little, user.home=/root, user.language=en, java.specification.vendor=Oracle Corporation, java.version.date=2019-10-15, java.home=/root/Downloads/Compressed/ideaIU-2019.3.1/idea-IU-193.5662.53/jbr, file.separator=/, basedir=/root/IdeaProjects/MongoDB/mflix-java/mflix, java.vm.compressedOopsMode=Zero based, line.separator=
, java.specification.name=Java Platform API Specification, java.vm.specification.vendor=Oracle Corporation, java.awt.graphicsenv=sun.awt.X11GraphicsEnvironment, surefire.real.class.path=/root/IdeaProjects/MongoDB/mflix-java/mflix/target/surefire/surefirebooter7841488248251940752.jar, sun.management.compiler=HotSpot 64-Bit Tiered Compilers, java.runtime.version=11.0.5+10-b520.17, user.name=root, path.separator=:, os.version=5.2.0-kali2-amd64, java.runtime.name=OpenJDK Runtime Environment, file.encoding=UTF-8, java.vm.name=OpenJDK 64-Bit Server VM, localRepository=/root/.m2/repository, java.vendor.url.bug=https://youtrack.jetbrains.com, java.io.tmpdir=/tmp, java.version=11.0.5, user.dir=/root/IdeaProjects/MongoDB/mflix-java/mflix, os.arch=amd64, java.vm.specification.name=Java Virtual Machine Specification, java.awt.printerjob=sun.print.PSPrinterJob, idea.version2019.3.1=true, sun.os.patch.level=unknown, java.library.path=/usr/java/packages/lib:/usr/lib64:/lib64:/lib:/usr/lib, java.vendor=JetBrains s.r.o, java.vm.info=mixed mode, java.vm.version=11.0.5+10-b520.17, sun.io.unicode.encoding=UnicodeLittle, java.class.version=55.0}}, SystemEnvironmentPropertySource@1414845278 {name='systemEnvironment', properties={PATH=/usr/local/sbin:/usr/local/bin:/usr/sbin:/usr/bin:/sbin:/bin:/flutter/bin, XAUTHORITY=/run/user/0/gdm/Xauthority, INVOCATION_ID=c2ba837327bf4038bf3f19bb5ac0296c, NO_PROXY=localhost,127.0.0.0/8,::1, XDG_DATA_DIRS=/usr/share/gnome:/usr/local/share/:/usr/share/, GDMSESSION=gnome, https_proxy=http://172.16.63.3:3128/, DBUS_SESSION_BUS_ADDRESS=unix:path=/run/user/0/bus,guid=3c6d77fd1f27adf4da0e6d505e459b46, XDG_CURRENT_DESKTOP=GNOME, JOURNAL_STREAM=9:25589, SSH_AGENT_PID=1196, COLORTERM=truecolor, VIRTUALENVWRAPPER_WORKON_CD=1, SESSION_MANAGER=local/dave:@/tmp/.ICE-unix/1144,unix/dave:/tmp/.ICE-unix/1144, USERNAME=root, LOGNAME=root, PWD=/root/IdeaProjects/MongoDB/mflix-java/mflix, MANAGERPID=1114, SHELL=/bin/bash, FTP_PROXY=http://172.16.63.3:3128/, OLDPWD=/root/IdeaProjects/MongoDB/mflix-java/mflix, ALL_PROXY=socks://172.16.63.3:3128/, GNOME_DESKTOP_SESSION_ID=this-is-deprecated, GNOME_TERMINAL_SCREEN=/org/gnome/Terminal/screen/906d5394_ca47_4ee0_8284_72a274fe3f68, GTK_MODULES=gail:atk-bridge, DBUS_STARTER_ADDRESS=unix:path=/run/user/0/bus,guid=3c6d77fd1f27adf4da0e6d505e459b46, LS_COLORS=rs=0:di=01;34:ln=01;36:mh=00:pi=40;33:so=01;35:do=01;35:bd=40;33;01:cd=40;33;01:or=40;31;01:mi=00:su=37;41:sg=30;43:ca=30;41:tw=30;42:ow=34;42:st=37;44:ex=01;32:*.tar=01;31:*.tgz=01;31:*.arc=01;31:*.arj=01;31:*.taz=01;31:*.lha=01;31:*.lz4=01;31:*.lzh=01;31:*.lzma=01;31:*.tlz=01;31:*.txz=01;31:*.tzo=01;31:*.t7z=01;31:*.zip=01;31:*.z=01;31:*.dz=01;31:*.gz=01;31:*.lrz=01;31:*.lz=01;31:*.lzo=01;31:*.xz=01;31:*.zst=01;31:*.tzst=01;31:*.bz2=01;31:*.bz=01;31:*.tbz=01;31:*.tbz2=01;31:*.tz=01;31:*.deb=01;31:*.rpm=01;31:*.jar=01;31:*.war=01;31:*.ear=01;31:*.sar=01;31:*.rar=01;31:*.alz=01;31:*.ace=01;31:*.zoo=01;31:*.cpio=01;31:*.7z=01;31:*.rz=01;31:*.cab=01;31:*.wim=01;31:*.swm=01;31:*.dwm=01;31:*.esd=01;31:*.jpg=01;35:*.jpeg=01;35:*.mjpg=01;35:*.mjpeg=01;35:*.gif=01;35:*.bmp=01;35:*.pbm=01;35:*.pgm=01;35:*.ppm=01;35:*.tga=01;35:*.xbm=01;35:*.xpm=01;35:*.tif=01;35:*.tiff=01;35:*.png=01;35:*.svg=01;35:*.svgz=01;35:*.mng=01;35:*.pcx=01;35:*.mov=01;35:*.mpg=01;35:*.mpeg=01;35:*.m2v=01;35:*.mkv=01;35:*.webm=01;35:*.ogm=01;35:*.mp4=01;35:*.m4v=01;35:*.mp4v=01;35:*.vob=01;35:*.qt=01;35:*.nuv=01;35:*.wmv=01;35:*.asf=01;35:*.rm=01;35:*.rmvb=01;35:*.flc=01;35:*.avi=01;35:*.fli=01;35:*.flv=01;35:*.gl=01;35:*.dl=01;35:*.xcf=01;35:*.xwd=01;35:*.yuv=01;35:*.cgm=01;35:*.emf=01;35:*.ogv=01;35:*.ogx=01;35:*.aac=00;36:*.au=00;36:*.flac=00;36:*.m4a=00;36:*.mid=00;36:*.midi=00;36:*.mka=00;36:*.mp3=00;36:*.mpc=00;36:*.ogg=00;36:*.ra=00;36:*.wav=00;36:*.oga=00;36:*.opus=00;36:*.spx=00;36:*.xspf=00;36:, XDG_SESSION_DESKTOP=gnome, SHLVL=1, WORKON_HOME=/root/.virtualenvs, TERM=xterm-256color, HTTP_PROXY=http://172.16.63.3:3128/, GNOME_TERMINAL_SERVICE=:1.68, LANG=en_US.UTF-8, XDG_SESSION_ID=2, XDG_SESSION_TYPE=x11, VIRTUALENVWRAPPER_SCRIPT=/usr/local/bin/virtualenvwrapper.sh, DISPLAY=:1, ftp_proxy=http://172.16.63.3:3128/, HTTPS_PROXY=http://172.16.63.3:3128/, all_proxy=socks://172.16.63.3:3128/, XDG_SESSION_CLASS=user, _=./idea.sh, http_proxy=http://172.16.63.3:3128/, no_proxy=localhost,127.0.0.0/8,::1, GDM_LANG=en_US.UTF-8, GPG_AGENT_INFO=/run/user/0/gnupg/S.gpg-agent:0:1, DESKTOP_SESSION=gnome, VIRTUALENVWRAPPER_HOOK_DIR=/root/.virtualenvs, USER=root, XDG_MENU_PREFIX=gnome-, VTE_VERSION=5402, QT_ACCESSIBILITY=1, WINDOWPATH=2, SSH_AUTH_SOCK=/run/user/0/keyring/ssh, XDG_SEAT=seat0, VIRTUALENVWRAPPER_PROJECT_FILENAME=.project, XDG_VTNR=2, XDG_RUNTIME_DIR=/run/user/0, DBUS_STARTER_BUS_TYPE=session, HOME=/root}}]
14:27:09.369 [main] DEBUG org.springframework.test.context.support.TestPropertySourceUtils - Adding inlined properties to environment: {spring.jmx.enabled=false, org.springframework.boot.test.context.SpringBootTestContextBootstrapper=true, server.port=-1}
14:27:09.369 [main] DEBUG org.springframework.core.env.StandardEnvironment - Adding PropertySource 'Inlined Test Properties' with highest search precedence

  .   ____          _            __ _ _
 /\\ / ___'_ __ _ _(_)_ __  __ _ \ \ \ \
( ( )\___ | '_ | '_| | '_ \/ _` | \ \ \ \
 \\/  ___)| |_)| | | | | || (_| |  ) ) ) )
  '  |____| .__|_| |_|_| |_\__, | / / / /
 =========|_|==============|___/=/_/_/_/
 :: Spring Boot ::        (v2.0.4.RELEASE)

2020-02-13 14:27:11.021  INFO 3263 --- [           main] mflix.api.daos.FacetedSearchTest         : Starting FacetedSearchTest on dave with PID 3263 (started by root in /root/IdeaProjects/MongoDB/mflix-java/mflix)
2020-02-13 14:27:11.026  INFO 3263 --- [           main] mflix.api.daos.FacetedSearchTest         : No active profile set, falling back to default profiles: default
2020-02-13 14:27:11.139  INFO 3263 --- [           main] o.s.w.c.s.GenericWebApplicationContext   : Refreshing org.springframework.web.context.support.GenericWebApplicationContext@5c42d2b7: startup date [Thu Feb 13 14:27:11 EST 2020]; root of context hierarchy
2020-02-13 14:27:22.842  INFO 3263 --- [           main] org.mongodb.driver.cluster               : Cluster created with settings {hosts=[cl1-shard-00-00-gtxku.mongodb.net:27017, cl1-shard-00-01-gtxku.mongodb.net:27017, cl1-shard-00-02-gtxku.mongodb.net:27017], mode=MULTIPLE, requiredClusterType=REPLICA_SET, serverSelectionTimeout='30000 ms', maxWaitQueueSize=500, requiredReplicaSetName='CL1-shard-0'}
2020-02-13 14:27:22.843  INFO 3263 --- [           main] org.mongodb.driver.cluster               : Adding discovered server cl1-shard-00-00-gtxku.mongodb.net:27017 to client view of cluster
2020-02-13 14:27:22.880  INFO 3263 --- [           main] org.mongodb.driver.cluster               : Adding discovered server cl1-shard-00-01-gtxku.mongodb.net:27017 to client view of cluster
2020-02-13 14:27:22.884  INFO 3263 --- [           main] org.mongodb.driver.cluster               : Adding discovered server cl1-shard-00-02-gtxku.mongodb.net:27017 to client view of cluster
2020-02-13 14:27:24.321  INFO 3263 --- [           main] o.s.w.s.handler.SimpleUrlHandlerMapping  : Mapped URL path [/**/favicon.ico] onto handler of type [class org.springframework.web.servlet.resource.ResourceHttpRequestHandler]
2020-02-13 14:27:25.576  INFO 3263 --- [           main] s.w.s.m.m.a.RequestMappingHandlerAdapter : Looking for @ControllerAdvice: org.springframework.web.context.support.GenericWebApplicationContext@5c42d2b7: startup date [Thu Feb 13 14:27:11 EST 2020]; root of context hierarchy
2020-02-13 14:27:25.905  INFO 3263 --- [           main] s.w.s.m.m.a.RequestMappingHandlerMapping : Mapped "{[/error]}" onto public org.springframework.http.ResponseEntity<java.util.Map<java.lang.String, java.lang.Object>> org.springframework.boot.autoconfigure.web.servlet.error.BasicErrorController.error(javax.servlet.http.HttpServletRequest)
2020-02-13 14:27:25.916  INFO 3263 --- [           main] s.w.s.m.m.a.RequestMappingHandlerMapping : Mapped "{[/error],produces=[text/html]}" onto public org.springframework.web.servlet.ModelAndView org.springframework.boot.autoconfigure.web.servlet.error.BasicErrorController.errorHtml(javax.servlet.http.HttpServletRequest,javax.servlet.http.HttpServletResponse)
2020-02-13 14:27:26.116  INFO 3263 --- [           main] o.s.w.s.handler.SimpleUrlHandlerMapping  : Mapped URL path [/webjars/**] onto handler of type [class org.springframework.web.servlet.resource.ResourceHttpRequestHandler]
2020-02-13 14:27:26.118  INFO 3263 --- [           main] o.s.w.s.handler.SimpleUrlHandlerMapping  : Mapped URL path [/**] onto handler of type [class org.springframework.web.servlet.resource.ResourceHttpRequestHandler]
2020-02-13 14:27:26.304  INFO 3263 --- [           main] o.s.b.a.w.s.WelcomePageHandlerMapping    : Adding welcome page: class path resource [build/index.html]
2020-02-13 14:27:27.249  INFO 3263 --- [           main] .s.s.UserDetailsServiceAutoConfiguration : 

Using generated security password: 9a29f61f-0648-40da-8fe9-d5c1b98ce14a

2020-02-13 14:27:28.088  INFO 3263 --- [           main] o.s.s.web.DefaultSecurityFilterChain     : Creating filter chain: org.springframework.security.web.util.matcher.AnyRequestMatcher@1, [org.springframework.security.web.context.request.async.WebAsyncManagerIntegrationFilter@25a94b55, org.springframework.security.web.context.SecurityContextPersistenceFilter@2e4389ed, org.springframework.security.web.header.HeaderWriterFilter@6975fb1c, org.springframework.security.web.csrf.CsrfFilter@420cd102, org.springframework.security.web.authentication.logout.LogoutFilter@7e3d7dd, org.springframework.security.web.authentication.UsernamePasswordAuthenticationFilter@14447be, org.springframework.security.web.authentication.ui.DefaultLoginPageGeneratingFilter@478b0739, org.springframework.security.web.authentication.www.BasicAuthenticationFilter@1da1380b, org.springframework.security.web.savedrequest.RequestCacheAwareFilter@4978777f, org.springframework.security.web.servletapi.SecurityContextHolderAwareRequestFilter@7edb6fca, org.springframework.security.web.authentication.AnonymousAuthenticationFilter@6adc5b9c, org.springframework.security.web.session.SessionManagementFilter@327e5be5, org.springframework.security.web.access.ExceptionTranslationFilter@115ca7de, org.springframework.security.web.access.intercept.FilterSecurityInterceptor@4751e8b9]
2020-02-13 14:27:28.541  INFO 3263 --- [           main] mflix.api.daos.FacetedSearchTest         : Started FacetedSearchTest in 19.129 seconds (JVM running for 21.489)
2020-02-13 14:27:29.075  INFO 3263 --- [           main] org.mongodb.driver.cluster               : No server chosen by com.mongodb.client.internal.MongoClientDelegate$1@4a70d302 from cluster description ClusterDescription{type=REPLICA_SET, connectionMode=MULTIPLE, serverDescriptions=[ServerDescription{address=cl1-shard-00-00-gtxku.mongodb.net:27017, type=UNKNOWN, state=CONNECTING}, ServerDescription{address=cl1-shard-00-01-gtxku.mongodb.net:27017, type=UNKNOWN, state=CONNECTING}, ServerDescription{address=cl1-shard-00-02-gtxku.mongodb.net:27017, type=UNKNOWN, state=CONNECTING}]}. Waiting for 30000 ms before timing out
2020-02-13 14:27:32.175  INFO 3263 --- [ngodb.net:27017] org.mongodb.driver.connection            : Opened connection [connectionId{localValue:2, serverValue:76194}] to cl1-shard-00-01-gtxku.mongodb.net:27017
2020-02-13 14:27:32.178  INFO 3263 --- [ngodb.net:27017] org.mongodb.driver.connection            : Opened connection [connectionId{localValue:1, serverValue:73043}] to cl1-shard-00-00-gtxku.mongodb.net:27017
2020-02-13 14:27:32.583  INFO 3263 --- [ngodb.net:27017] org.mongodb.driver.connection            : Opened connection [connectionId{localValue:3, serverValue:80816}] to cl1-shard-00-02-gtxku.mongodb.net:27017
2020-02-13 14:27:32.585  INFO 3263 --- [ngodb.net:27017] org.mongodb.driver.cluster               : Monitor thread successfully connected to server with description ServerDescription{address=cl1-shard-00-01-gtxku.mongodb.net:27017, type=REPLICA_SET_SECONDARY, state=CONNECTED, ok=true, version=ServerVersion{versionList=[4, 2, 3]}, minWireVersion=0, maxWireVersion=8, maxDocumentSize=16777216, logicalSessionTimeoutMinutes=30, roundTripTimeNanos=401674399, setName='CL1-shard-0', canonicalAddress=cl1-shard-00-01-gtxku.mongodb.net:27017, hosts=[cl1-shard-00-01-gtxku.mongodb.net:27017, cl1-shard-00-02-gtxku.mongodb.net:27017, cl1-shard-00-00-gtxku.mongodb.net:27017], passives=[], arbiters=[], primary='cl1-shard-00-02-gtxku.mongodb.net:27017', tagSet=TagSet{[Tag{name='nodeType', value='ELECTABLE'}, Tag{name='region', value='US_EAST_1'}, Tag{name='provider', value='AWS'}]}, electionId=null, setVersion=1, lastWriteDate=Thu Feb 13 06:27:40 EST 2020, lastUpdateTimeNanos=2085178139095}
2020-02-13 14:27:32.603  INFO 3263 --- [ngodb.net:27017] org.mongodb.driver.cluster               : Monitor thread successfully connected to server with description ServerDescription{address=cl1-shard-00-00-gtxku.mongodb.net:27017, type=REPLICA_SET_SECONDARY, state=CONNECTED, ok=true, version=ServerVersion{versionList=[4, 2, 3]}, minWireVersion=0, maxWireVersion=8, maxDocumentSize=16777216, logicalSessionTimeoutMinutes=30, roundTripTimeNanos=423212581, setName='CL1-shard-0', canonicalAddress=cl1-shard-00-00-gtxku.mongodb.net:27017, hosts=[cl1-shard-00-01-gtxku.mongodb.net:27017, cl1-shard-00-02-gtxku.mongodb.net:27017, cl1-shard-00-00-gtxku.mongodb.net:27017], passives=[], arbiters=[], primary='cl1-shard-00-02-gtxku.mongodb.net:27017', tagSet=TagSet{[Tag{name='provider', value='AWS'}, Tag{name='region', value='US_EAST_1'}, Tag{name='nodeType', value='ELECTABLE'}]}, electionId=null, setVersion=1, lastWriteDate=Thu Feb 13 06:27:40 EST 2020, lastUpdateTimeNanos=2085198384520}
2020-02-13 14:27:32.613  INFO 3263 --- [           main] org.mongodb.driver.cluster               : No server chosen by ReadPreferenceServerSelector{readPreference=primary} from cluster description ClusterDescription{type=REPLICA_SET, connectionMode=MULTIPLE, serverDescriptions=[ServerDescription{address=cl1-shard-00-00-gtxku.mongodb.net:27017, type=REPLICA_SET_SECONDARY, state=CONNECTED, ok=true, version=ServerVersion{versionList=[4, 2, 3]}, minWireVersion=0, maxWireVersion=8, maxDocumentSize=16777216, logicalSessionTimeoutMinutes=30, roundTripTimeNanos=423212581, setName='CL1-shard-0', canonicalAddress=cl1-shard-00-00-gtxku.mongodb.net:27017, hosts=[cl1-shard-00-01-gtxku.mongodb.net:27017, cl1-shard-00-02-gtxku.mongodb.net:27017, cl1-shard-00-00-gtxku.mongodb.net:27017], passives=[], arbiters=[], primary='cl1-shard-00-02-gtxku.mongodb.net:27017', tagSet=TagSet{[Tag{name='provider', value='AWS'}, Tag{name='region', value='US_EAST_1'}, Tag{name='nodeType', value='ELECTABLE'}]}, electionId=null, setVersion=1, lastWriteDate=Thu Feb 13 06:27:40 EST 2020, lastUpdateTimeNanos=2085198384520}, ServerDescription{address=cl1-shard-00-01-gtxku.mongodb.net:27017, type=REPLICA_SET_SECONDARY, state=CONNECTED, ok=true, version=ServerVersion{versionList=[4, 2, 3]}, minWireVersion=0, maxWireVersion=8, maxDocumentSize=16777216, logicalSessionTimeoutMinutes=30, roundTripTimeNanos=401674399, setName='CL1-shard-0', canonicalAddress=cl1-shard-00-01-gtxku.mongodb.net:27017, hosts=[cl1-shard-00-01-gtxku.mongodb.net:27017, cl1-shard-00-02-gtxku.mongodb.net:27017, cl1-shard-00-00-gtxku.mongodb.net:27017], passives=[], arbiters=[], primary='cl1-shard-00-02-gtxku.mongodb.net:27017', tagSet=TagSet{[Tag{name='nodeType', value='ELECTABLE'}, Tag{name='region', value='US_EAST_1'}, Tag{name='provider', value='AWS'}]}, electionId=null, setVersion=1, lastWriteDate=Thu Feb 13 06:27:40 EST 2020, lastUpdateTimeNanos=2085178139095}, ServerDescription{address=cl1-shard-00-02-gtxku.mongodb.net:27017, type=UNKNOWN, state=CONNECTING}]}. Waiting for 30000 ms before timing out
2020-02-13 14:27:32.992  INFO 3263 --- [ngodb.net:27017] org.mongodb.driver.cluster               : Monitor thread successfully connected to server with description ServerDescription{address=cl1-shard-00-02-gtxku.mongodb.net:27017, type=REPLICA_SET_PRIMARY, state=CONNECTED, ok=true, version=ServerVersion{versionList=[4, 2, 3]}, minWireVersion=0, maxWireVersion=8, maxDocumentSize=16777216, logicalSessionTimeoutMinutes=30, roundTripTimeNanos=406972491, setName='CL1-shard-0', canonicalAddress=cl1-shard-00-02-gtxku.mongodb.net:27017, hosts=[cl1-shard-00-01-gtxku.mongodb.net:27017, cl1-shard-00-02-gtxku.mongodb.net:27017, cl1-shard-00-00-gtxku.mongodb.net:27017], passives=[], arbiters=[], primary='cl1-shard-00-02-gtxku.mongodb.net:27017', tagSet=TagSet{[Tag{name='provider', value='AWS'}, Tag{name='nodeType', value='ELECTABLE'}, Tag{name='region', value='US_EAST_1'}]}, electionId=7fffffff0000000000000002, setVersion=1, lastWriteDate=Thu Feb 13 06:27:40 EST 2020, lastUpdateTimeNanos=2085586500285}
2020-02-13 14:27:32.994  INFO 3263 --- [ngodb.net:27017] org.mongodb.driver.cluster               : Setting max election id to 7fffffff0000000000000002 from replica set primary cl1-shard-00-02-gtxku.mongodb.net:27017
2020-02-13 14:27:32.995  INFO 3263 --- [ngodb.net:27017] org.mongodb.driver.cluster               : Setting max set version to 1 from replica set primary cl1-shard-00-02-gtxku.mongodb.net:27017
2020-02-13 14:27:32.996  INFO 3263 --- [ngodb.net:27017] org.mongodb.driver.cluster               : Discovered replica set primary cl1-shard-00-02-gtxku.mongodb.net:27017
2020-02-13 14:27:35.753  INFO 3263 --- [           main] org.mongodb.driver.connection            : Opened connection [connectionId{localValue:4, serverValue:80816}] to cl1-shard-00-02-gtxku.mongodb.net:27017
]]></system-out>
  </testcase>
  <testcase name="testFacetedSearchPaging" classname="mflix.api.daos.FacetedSearchTest" time="1.031">
    <failure message="Should return a list of one faceted document expected:&lt;1&gt; but was:&lt;44&gt;" type="java.lang.AssertionError"><![CDATA[java.lang.AssertionError: Should return a list of one faceted document expected:<1> but was:<44>
	at mflix.api.daos.FacetedSearchTest.testFacetedSearchPaging(FacetedSearchTest.java:71)
]]></failure>
  </testcase>
  <testcase name="testFacetedMultipleCast" classname="mflix.api.daos.FacetedSearchTest" time="1.276">
    <failure message="Should return a list of one faceted document expected:&lt;1&gt; but was:&lt;56&gt;" type="java.lang.AssertionError"><![CDATA[java.lang.AssertionError: Should return a list of one faceted document expected:<1> but was:<56>
	at mflix.api.daos.FacetedSearchTest.testFacetedMultipleCast(FacetedSearchTest.java:99)
]]></failure>
  </testcase>
</testsuite>